LD_LIBRARY_PATH=.:/home/base/.rbenv/versions/3.1.0/lib pkg-config --exists libffi
package configuration for libffi is not found
have_header: checking for ffi.h... -------------------- no

LD_LIBRARY_PATH=.:/home/base/.rbenv/versions/3.1.0/lib "gcc -o conftest -I/home/base/.rbenv/versions/3.1.0/include/ruby-3.1.0/x86_64-linux -I/home/base/.rbenv/versions/3.1.0/include/ruby-3.1.0/ruby/backward -I/home/base/.rbenv/versions/3.1.0/include/ruby-3.1.0 -I. -I/home/base/.rbenv/versions/3.1.0/include    -O3 -fno-fast-math -ggdb3 -Wall -Wextra -Wdeprecated-declarations -Wduplicated-cond -Wimplicit-function-declaration -Wimplicit-int -Wmisleading-indentation -Wpointer-arith -Wwrite-strings -Wimplicit-fallthrough=0 -Wmissing-noreturn -Wno-cast-function-type -Wno-constant-logical-operand -Wno-long-long -Wno-missing-field-initializers -Wno-overlength-strings -Wno-packed-bitfield-compat -Wno-parentheses-equality -Wno-self-assign -Wno-tautological-compare -Wno-unused-parameter -Wno-unused-value -Wsuggest-attribute=format -Wsuggest-attribute=noreturn -Wunused-variable -Wundef  -fPIC conftest.c  -L. -L/home/base/.rbenv/versions/3.1.0/lib -Wl,-rpath,/home/base/.rbenv/versions/3.1.0/lib -L. -L/home/base/.rbenv/versions/3.1.0/lib  -fstack-protector-strong -rdynamic -Wl,-export-dynamic -Wl,--no-as-needed     -Wl,-rpath,/home/base/.rbenv/versions/3.1.0/lib -L/home/base/.rbenv/versions/3.1.0/lib -lruby  -lm  -lc"
checked program was:
/* begin */
1: #include "ruby.h"
2: 
3: int main(int argc, char **argv)
4: {
5:   return !!argv[argc];
6: }
/* end */

LD_LIBRARY_PATH=.:/home/base/.rbenv/versions/3.1.0/lib "gcc -I/home/base/.rbenv/versions/3.1.0/include/ruby-3.1.0/x86_64-linux -I/home/base/.rbenv/versions/3.1.0/include/ruby-3.1.0/ruby/backward -I/home/base/.rbenv/versions/3.1.0/include/ruby-3.1.0 -I. -I/home/base/.rbenv/versions/3.1.0/include    -O3 -fno-fast-math -ggdb3 -Wall -Wextra -Wdeprecated-declarations -Wduplicated-cond -Wimplicit-function-declaration -Wimplicit-int -Wmisleading-indentation -Wpointer-arith -Wwrite-strings -Wimplicit-fallthrough=0 -Wmissing-noreturn -Wno-cast-function-type -Wno-constant-logical-operand -Wno-long-long -Wno-missing-field-initializers -Wno-overlength-strings -Wno-packed-bitfield-compat -Wno-parentheses-equality -Wno-self-assign -Wno-tautological-compare -Wno-unused-parameter -Wno-unused-value -Wsuggest-attribute=format -Wsuggest-attribute=noreturn -Wunused-variable -Wundef  -fPIC   -c conftest.c"
conftest.c:3:10: fatal error: ffi.h: No such file or directory
    3 | #include <ffi.h>
      |          ^~~~~~~
compilation terminated.
checked program was:
/* begin */
1: #include "ruby.h"
2: 
3: #include <ffi.h>
/* end */

--------------------

find_header: checking for ffi.h in /usr/local/include,/usr/include/ffi,/Library/Developer/CommandLineTools/SDKs/MacOSX.sdk/usr/include/ffi,/Applications/Xcode.app/Contents/Developer/Platforms/MacOSX.platform/Developer/SDKs/MacOSX.sdk/usr/include/ffi... -------------------- no

LD_LIBRARY_PATH=.:/home/base/.rbenv/versions/3.1.0/lib "gcc -I/home/base/.rbenv/versions/3.1.0/include/ruby-3.1.0/x86_64-linux -I/home/base/.rbenv/versions/3.1.0/include/ruby-3.1.0/ruby/backward -I/home/base/.rbenv/versions/3.1.0/include/ruby-3.1.0 -I. -I/home/base/.rbenv/versions/3.1.0/include    -O3 -fno-fast-math -ggdb3 -Wall -Wextra -Wdeprecated-declarations -Wduplicated-cond -Wimplicit-function-declaration -Wimplicit-int -Wmisleading-indentation -Wpointer-arith -Wwrite-strings -Wimplicit-fallthrough=0 -Wmissing-noreturn -Wno-cast-function-type -Wno-constant-logical-operand -Wno-long-long -Wno-missing-field-initializers -Wno-overlength-strings -Wno-packed-bitfield-compat -Wno-parentheses-equality -Wno-self-assign -Wno-tautological-compare -Wno-unused-parameter -Wno-unused-value -Wsuggest-attribute=format -Wsuggest-attribute=noreturn -Wunused-variable -Wundef  -fPIC   -c conftest.c"
conftest.c:3:10: fatal error: ffi.h: No such file or directory
    3 | #include <ffi.h>
      |          ^~~~~~~
compilation terminated.
checked program was:
/* begin */
1: #include "ruby.h"
2: 
3: #include <ffi.h>
/* end */

LD_LIBRARY_PATH=.:/home/base/.rbenv/versions/3.1.0/lib "gcc -I/home/base/.rbenv/versions/3.1.0/include/ruby-3.1.0/x86_64-linux -I/home/base/.rbenv/versions/3.1.0/include/ruby-3.1.0/ruby/backward -I/home/base/.rbenv/versions/3.1.0/include/ruby-3.1.0 -I. -I/home/base/.rbenv/versions/3.1.0/include    -O3 -fno-fast-math -ggdb3 -Wall -Wextra -Wdeprecated-declarations -Wduplicated-cond -Wimplicit-function-declaration -Wimplicit-int -Wmisleading-indentation -Wpointer-arith -Wwrite-strings -Wimplicit-fallthrough=0 -Wmissing-noreturn -Wno-cast-function-type -Wno-constant-logical-operand -Wno-long-long -Wno-missing-field-initializers -Wno-overlength-strings -Wno-packed-bitfield-compat -Wno-parentheses-equality -Wno-self-assign -Wno-tautological-compare -Wno-unused-parameter -Wno-unused-value -Wsuggest-attribute=format -Wsuggest-attribute=noreturn -Wunused-variable -Wundef  -fPIC  -I/usr/local/include -c conftest.c"
conftest.c:3:10: fatal error: ffi.h: No such file or directory
    3 | #include <ffi.h>
      |          ^~~~~~~
compilation terminated.
checked program was:
/* begin */
1: #include "ruby.h"
2: 
3: #include <ffi.h>
/* end */

LD_LIBRARY_PATH=.:/home/base/.rbenv/versions/3.1.0/lib "gcc -I/home/base/.rbenv/versions/3.1.0/include/ruby-3.1.0/x86_64-linux -I/home/base/.rbenv/versions/3.1.0/include/ruby-3.1.0/ruby/backward -I/home/base/.rbenv/versions/3.1.0/include/ruby-3.1.0 -I. -I/home/base/.rbenv/versions/3.1.0/include    -O3 -fno-fast-math -ggdb3 -Wall -Wextra -Wdeprecated-declarations -Wduplicated-cond -Wimplicit-function-declaration -Wimplicit-int -Wmisleading-indentation -Wpointer-arith -Wwrite-strings -Wimplicit-fallthrough=0 -Wmissing-noreturn -Wno-cast-function-type -Wno-constant-logical-operand -Wno-long-long -Wno-missing-field-initializers -Wno-overlength-strings -Wno-packed-bitfield-compat -Wno-parentheses-equality -Wno-self-assign -Wno-tautological-compare -Wno-unused-parameter -Wno-unused-value -Wsuggest-attribute=format -Wsuggest-attribute=noreturn -Wunused-variable -Wundef  -fPIC  -I/usr/include/ffi -c conftest.c"
conftest.c:3:10: fatal error: ffi.h: No such file or directory
    3 | #include <ffi.h>
      |          ^~~~~~~
compilation terminated.
checked program was:
/* begin */
1: #include "ruby.h"
2: 
3: #include <ffi.h>
/* end */

LD_LIBRARY_PATH=.:/home/base/.rbenv/versions/3.1.0/lib "gcc -I/home/base/.rbenv/versions/3.1.0/include/ruby-3.1.0/x86_64-linux -I/home/base/.rbenv/versions/3.1.0/include/ruby-3.1.0/ruby/backward -I/home/base/.rbenv/versions/3.1.0/include/ruby-3.1.0 -I. -I/home/base/.rbenv/versions/3.1.0/include    -O3 -fno-fast-math -ggdb3 -Wall -Wextra -Wdeprecated-declarations -Wduplicated-cond -Wimplicit-function-declaration -Wimplicit-int -Wmisleading-indentation -Wpointer-arith -Wwrite-strings -Wimplicit-fallthrough=0 -Wmissing-noreturn -Wno-cast-function-type -Wno-constant-logical-operand -Wno-long-long -Wno-missing-field-initializers -Wno-overlength-strings -Wno-packed-bitfield-compat -Wno-parentheses-equality -Wno-self-assign -Wno-tautological-compare -Wno-unused-parameter -Wno-unused-value -Wsuggest-attribute=format -Wsuggest-attribute=noreturn -Wunused-variable -Wundef  -fPIC  -I/Library/Developer/CommandLineTools/SDKs/MacOSX.sdk/usr/include/ffi -c conftest.c"
conftest.c:3:10: fatal error: ffi.h: No such file or directory
    3 | #include <ffi.h>
      |          ^~~~~~~
compilation terminated.
checked program was:
/* begin */
1: #include "ruby.h"
2: 
3: #include <ffi.h>
/* end */

LD_LIBRARY_PATH=.:/home/base/.rbenv/versions/3.1.0/lib "gcc -I/home/base/.rbenv/versions/3.1.0/include/ruby-3.1.0/x86_64-linux -I/home/base/.rbenv/versions/3.1.0/include/ruby-3.1.0/ruby/backward -I/home/base/.rbenv/versions/3.1.0/include/ruby-3.1.0 -I. -I/home/base/.rbenv/versions/3.1.0/include    -O3 -fno-fast-math -ggdb3 -Wall -Wextra -Wdeprecated-declarations -Wduplicated-cond -Wimplicit-function-declaration -Wimplicit-int -Wmisleading-indentation -Wpointer-arith -Wwrite-strings -Wimplicit-fallthrough=0 -Wmissing-noreturn -Wno-cast-function-type -Wno-constant-logical-operand -Wno-long-long -Wno-missing-field-initializers -Wno-overlength-strings -Wno-packed-bitfield-compat -Wno-parentheses-equality -Wno-self-assign -Wno-tautological-compare -Wno-unused-parameter -Wno-unused-value -Wsuggest-attribute=format -Wsuggest-attribute=noreturn -Wunused-variable -Wundef  -fPIC  -I/Applications/Xcode.app/Contents/Developer/Platforms/MacOSX.platform/Developer/SDKs/MacOSX.sdk/usr/include/ffi -c conftest.c"
conftest.c:3:10: fatal error: ffi.h: No such file or directory
    3 | #include <ffi.h>
      |          ^~~~~~~
compilation terminated.
checked program was:
/* begin */
1: #include "ruby.h"
2: 
3: #include <ffi.h>
/* end */

--------------------

block in append_ldflags: checking for whether -Wl,--exclude-libs,ALL is accepted as LDFLAGS... -------------------- yes

LD_LIBRARY_PATH=.:/home/base/.rbenv/versions/3.1.0/lib "gcc -o conftest -I/home/base/.rbenv/versions/3.1.0/include/ruby-3.1.0/x86_64-linux -I/home/base/.rbenv/versions/3.1.0/include/ruby-3.1.0/ruby/backward -I/home/base/.rbenv/versions/3.1.0/include/ruby-3.1.0 -I. -I/home/base/.rbenv/versions/3.1.0/include    -O3 -fno-fast-math -ggdb3 -Wall -Wextra -Wdeprecated-declarations -Wduplicated-cond -Wimplicit-function-declaration -Wimplicit-int -Wmisleading-indentation -Wpointer-arith -Wwrite-strings -Wimplicit-fallthrough=0 -Wmissing-noreturn -Wno-cast-function-type -Wno-constant-logical-operand -Wno-long-long -Wno-missing-field-initializers -Wno-overlength-strings -Wno-packed-bitfield-compat -Wno-parentheses-equality -Wno-self-assign -Wno-tautological-compare -Wno-unused-parameter -Wno-unused-value -Wsuggest-attribute=format -Wsuggest-attribute=noreturn -Wunused-variable -Wundef  -fPIC conftest.c  -L. -L/home/base/.rbenv/versions/3.1.0/lib -Wl,-rpath,/home/base/.rbenv/versions/3.1.0/lib -L. -L/home/base/.rbenv/versions/3.1.0/lib  -fstack-protector-strong -rdynamic -Wl,-export-dynamic -Wl,--no-as-needed     -Wl,-rpath,/home/base/.rbenv/versions/3.1.0/lib -L/home/base/.rbenv/versions/3.1.0/lib -lruby -Wl,--exclude-libs,ALL -lm  -lc"
checked program was:
/* begin */
1: #include "ruby.h"
2: 
3: int main(int argc, char **argv)
4: {
5:   return !!argv[argc];
6: }
/* end */

--------------------

block in append_ldflags: checking for whether -pthread is accepted as LDFLAGS... -------------------- yes

LD_LIBRARY_PATH=.:/home/base/.rbenv/versions/3.1.0/lib "gcc -o conftest -I/home/base/.rbenv/versions/3.1.0/include/ruby-3.1.0/x86_64-linux -I/home/base/.rbenv/versions/3.1.0/include/ruby-3.1.0/ruby/backward -I/home/base/.rbenv/versions/3.1.0/include/ruby-3.1.0 -I. -I/home/base/.rbenv/versions/3.1.0/include    -O3 -fno-fast-math -ggdb3 -Wall -Wextra -Wdeprecated-declarations -Wduplicated-cond -Wimplicit-function-declaration -Wimplicit-int -Wmisleading-indentation -Wpointer-arith -Wwrite-strings -Wimplicit-fallthrough=0 -Wmissing-noreturn -Wno-cast-function-type -Wno-constant-logical-operand -Wno-long-long -Wno-missing-field-initializers -Wno-overlength-strings -Wno-packed-bitfield-compat -Wno-parentheses-equality -Wno-self-assign -Wno-tautological-compare -Wno-unused-parameter -Wno-unused-value -Wsuggest-attribute=format -Wsuggest-attribute=noreturn -Wunused-variable -Wundef  -fPIC conftest.c  -L. -L/home/base/.rbenv/versions/3.1.0/lib -Wl,-rpath,/home/base/.rbenv/versions/3.1.0/lib -L. -L/home/base/.rbenv/versions/3.1.0/lib  -fstack-protector-strong -rdynamic -Wl,-export-dynamic -Wl,--no-as-needed -Wl,--exclude-libs,ALL     -Wl,-rpath,/home/base/.rbenv/versions/3.1.0/lib -L/home/base/.rbenv/versions/3.1.0/lib -lruby -pthread -lm  -lc"
checked program was:
/* begin */
1: #include "ruby.h"
2: 
3: int main(int argc, char **argv)
4: {
5:   return !!argv[argc];
6: }
/* end */

--------------------

extconf.h is:
/* begin */
1: #ifndef EXTCONF_H
2: #define EXTCONF_H
3: #define HAVE_FFI_PREP_CIF_VAR 1
4: #define USE_INTERNAL_LIBFFI 1
5: #endif
/* end */

